<?xml version="1.0" encoding="UTF-8"?>
<coverage generated="1652877900701" clover="3.2.0">
  <project timestamp="1652877900702" name="All files">
    <metrics statements="23" coveredstatements="22" conditionals="4" coveredconditionals="3" methods="7" coveredmethods="7" elements="34" coveredelements="32" complexity="0" loc="23" ncloc="23" packages="1" files="4" classes="4"/>
    <file name="calculation.js" path="C:\Users\icore\Desktop\Testing\Code-testing-Practice\calculation.js">
      <metrics statements="10" coveredstatements="10" conditionals="0" coveredconditionals="0" methods="4" coveredmethods="4"/>
      <line num="1" count="1" type="stmt"/>
      <line num="9" count="1" type="stmt"/>
      <line num="10" count="1" type="stmt"/>
      <line num="14" count="1" type="stmt"/>
      <line num="15" count="1" type="stmt"/>
      <line num="19" count="1" type="stmt"/>
      <line num="20" count="1" type="stmt"/>
      <line num="24" count="1" type="stmt"/>
      <line num="25" count="1" type="stmt"/>
      <line num="28" count="1" type="stmt"/>
    </file>
    <file name="capitalized.js" path="C:\Users\icore\Desktop\Testing\Code-testing-Practice\capitalized.js">
      <metrics statements="3" coveredstatements="3" conditionals="0" coveredconditionals="0" methods="1" coveredmethods="1"/>
      <line num="2" count="1" type="stmt"/>
      <line num="3" count="1" type="stmt"/>
      <line num="6" count="1" type="stmt"/>
    </file>
    <file name="reverseSrting.js" path="C:\Users\icore\Desktop\Testing\Code-testing-Practice\reverseSrting.js">
      <metrics statements="5" coveredstatements="5" conditionals="0" coveredconditionals="0" methods="1" coveredmethods="1"/>
      <line num="2" count="1" type="stmt"/>
      <line num="3" count="1" type="stmt"/>
      <line num="4" count="1" type="stmt"/>
      <line num="5" count="1" type="stmt"/>
      <line num="8" count="1" type="stmt"/>
    </file>
    <file name="stringlength.js" path="C:\Users\icore\Desktop\Testing\Code-testing-Practice\stringlength.js">
      <metrics statements="5" coveredstatements="4" conditionals="4" coveredconditionals="3" methods="1" coveredmethods="1"/>
      <line num="2" count="1" type="stmt"/>
      <line num="3" count="1" type="cond" truecount="3" falsecount="1"/>
      <line num="4" count="0" type="stmt"/>
      <line num="6" count="1" type="stmt"/>
      <line num="10" count="1" type="stmt"/>
    </file>
  </project>
</coverage>
