{"C:\\Users\\icore\\Desktop\\Testing\\Code-testing-Practice\\calculation.js": {"path":"C:\\Users\\icore\\Desktop\\Testing\\Code-testing-Practice\\calculation.js","statementMap":{"0":{"start":{"line":1,"column":21},"end":{"line":6,"column":1}},"1":{"start":{"line":9,"column":15},"end":{"line":9,"column":20}},"2":{"start":{"line":10,"column":4},"end":{"line":10,"column":14}},"3":{"start":{"line":14,"column":13},"end":{"line":14,"column":18}},"4":{"start":{"line":15,"column":2},"end":{"line":15,"column":12}},"5":{"start":{"line":19,"column":14},"end":{"line":19,"column":19}},"6":{"start":{"line":20,"column":3},"end":{"line":20,"column":13}},"7":{"start":{"line":24,"column":15},"end":{"line":24,"column":20}},"8":{"start":{"line":25,"column":4},"end":{"line":25,"column":14}},"9":{"start":{"line":28,"column":0},"end":{"line":28,"column":29}}},"fnMap":{"0":{"name":"add","decl":{"start":{"line":8,"column":9},"end":{"line":8,"column":12}},"loc":{"start":{"line":8,"column":19},"end":{"line":11,"column":1}},"line":8},"1":{"name":"subtract","decl":{"start":{"line":13,"column":9},"end":{"line":13,"column":17}},"loc":{"start":{"line":13,"column":24},"end":{"line":16,"column":1}},"line":13},"2":{"name":"divid","decl":{"start":{"line":18,"column":9},"end":{"line":18,"column":14}},"loc":{"start":{"line":18,"column":22},"end":{"line":21,"column":1}},"line":18},"3":{"name":"multiply","decl":{"start":{"line":23,"column":9},"end":{"line":23,"column":17}},"loc":{"start":{"line":23,"column":24},"end":{"line":26,"column":1}},"line":23}},"branchMap":{},"s":{"0":1,"1":1,"2":1,"3":1,"4":1,"5":1,"6":1,"7":1,"8":1,"9":1},"f":{"0":1,"1":1,"2":1,"3":1},"b":{},"_coverageSchema":"1a1c01bbd47fc00a2c39e90264f33305004495a9","hash":"8ea6fa092e1448b30e722b27b5c6a06930dfc961"}
,"C:\\Users\\icore\\Desktop\\Testing\\Code-testing-Practice\\capitalized.js": {"path":"C:\\Users\\icore\\Desktop\\Testing\\Code-testing-Practice\\capitalized.js","statementMap":{"0":{"start":{"line":2,"column":24},"end":{"line":2,"column":72}},"1":{"start":{"line":3,"column":0},"end":{"line":3,"column":25}},"2":{"start":{"line":6,"column":0},"end":{"line":6,"column":34}}},"fnMap":{"0":{"name":"capitalizedString","decl":{"start":{"line":1,"column":9},"end":{"line":1,"column":26}},"loc":{"start":{"line":1,"column":34},"end":{"line":4,"column":1}},"line":1}},"branchMap":{},"s":{"0":1,"1":1,"2":1},"f":{"0":1},"b":{},"_coverageSchema":"1a1c01bbd47fc00a2c39e90264f33305004495a9","hash":"bdc6cbe1a44b060e328153a248ffd95169e1e6ff"}
,"C:\\Users\\icore\\Desktop\\Testing\\Code-testing-Practice\\reverseSrting.js": {"path":"C:\\Users\\icore\\Desktop\\Testing\\Code-testing-Practice\\reverseSrting.js","statementMap":{"0":{"start":{"line":2,"column":22},"end":{"line":2,"column":38}},"1":{"start":{"line":3,"column":23},"end":{"line":3,"column":46}},"2":{"start":{"line":4,"column":20},"end":{"line":4,"column":41}},"3":{"start":{"line":5,"column":4},"end":{"line":5,"column":21}},"4":{"start":{"line":8,"column":0},"end":{"line":8,"column":30}}},"fnMap":{"0":{"name":"reverseString","decl":{"start":{"line":1,"column":9},"end":{"line":1,"column":22}},"loc":{"start":{"line":1,"column":31},"end":{"line":6,"column":1}},"line":1}},"branchMap":{},"s":{"0":1,"1":1,"2":1,"3":1,"4":1},"f":{"0":1},"b":{},"_coverageSchema":"1a1c01bbd47fc00a2c39e90264f33305004495a9","hash":"da821ce8001e7af158c10c751e4ed478087bdd3d"}
,"C:\\Users\\icore\\Desktop\\Testing\\Code-testing-Practice\\stringlength.js": {"path":"C:\\Users\\icore\\Desktop\\Testing\\Code-testing-Practice\\stringlength.js","statementMap":{"0":{"start":{"line":2,"column":16},"end":{"line":2,"column":29}},"1":{"start":{"line":3,"column":4},"end":{"line":7,"column":5}},"2":{"start":{"line":4,"column":4},"end":{"line":4,"column":30}},"3":{"start":{"line":6,"column":8},"end":{"line":6,"column":20}},"4":{"start":{"line":10,"column":0},"end":{"line":10,"column":29}}},"fnMap":{"0":{"name":"stringLength","decl":{"start":{"line":1,"column":9},"end":{"line":1,"column":21}},"loc":{"start":{"line":1,"column":30},"end":{"line":8,"column":1}},"line":1}},"branchMap":{"0":{"loc":{"start":{"line":3,"column":4},"end":{"line":7,"column":5}},"type":"if","locations":[{"start":{"line":3,"column":4},"end":{"line":7,"column":5}},{"start":{"line":5,"column":9},"end":{"line":7,"column":5}}],"line":3},"1":{"loc":{"start":{"line":3,"column":7},"end":{"line":3,"column":30}},"type":"binary-expr","locations":[{"start":{"line":3,"column":7},"end":{"line":3,"column":16}},{"start":{"line":3,"column":20},"end":{"line":3,"column":30}}],"line":3}},"s":{"0":1,"1":1,"2":0,"3":1,"4":1},"f":{"0":1},"b":{"0":[0,1],"1":[1,1]},"_coverageSchema":"1a1c01bbd47fc00a2c39e90264f33305004495a9","hash":"bb94de193ac6ea55bf48e65095dc7b97a459d2c2"}
}
