TN:
SF:calculation.js
FN:8,add
FN:13,subtract
FN:18,divid
FN:23,multiply
FNF:4
FNH:4
FNDA:1,add
FNDA:1,subtract
FNDA:1,divid
FNDA:1,multiply
DA:1,1
DA:9,1
DA:10,1
DA:14,1
DA:15,1
DA:19,1
DA:20,1
DA:24,1
DA:25,1
DA:28,1
LF:10
LH:10
BRF:0
BRH:0
end_of_record
TN:
SF:capitalized.js
FN:1,capitalizedString
FNF:1
FNH:1
FNDA:1,capitalizedString
DA:2,1
DA:3,1
DA:6,1
LF:3
LH:3
BRF:0
BRH:0
end_of_record
TN:
SF:reverseSrting.js
FN:1,reverseString
FNF:1
FNH:1
FNDA:1,reverseString
DA:2,1
DA:3,1
DA:4,1
DA:5,1
DA:8,1
LF:5
LH:5
BRF:0
BRH:0
end_of_record
TN:
SF:stringlength.js
FN:1,stringLength
FNF:1
FNH:1
FNDA:1,stringLength
DA:2,1
DA:3,1
DA:4,0
DA:6,1
DA:10,1
LF:5
LH:4
BRDA:3,0,0,0
BRDA:3,0,1,1
BRDA:3,1,0,1
BRDA:3,1,1,1
BRF:4
BRH:3
end_of_record
